0 info it worked if it ends with ok
1 verbose cli [ '/home/dev249/.nvm/versions/node/v6.11.3/bin/node',
1 verbose cli   '/home/dev249/.nvm/versions/node/v6.11.3/bin/npm',
1 verbose cli   'publish' ]
2 info using npm@3.10.10
3 info using node@v6.11.3
4 verbose publish [ '.' ]
5 silly cache add args [ '.', null ]
6 verbose cache add spec .
7 silly cache add parsed spec Result {
7 silly cache add   raw: '.',
7 silly cache add   scope: null,
7 silly cache add   escapedName: null,
7 silly cache add   name: null,
7 silly cache add   rawSpec: '.',
7 silly cache add   spec: '/home/dev249/projects/ngx-fullcalendar-scheduler',
7 silly cache add   type: 'directory' }
8 verbose addLocalDirectory /home/dev249/.npm/test-ngx-fullcalendar/1.0.15/package.tgz not in flight; packing
9 verbose correctMkdir /home/dev249/.npm correctMkdir not in flight; initializing
10 info lifecycle test-ngx-fullcalendar@1.0.15~prepublish: test-ngx-fullcalendar@1.0.15
11 verbose lifecycle test-ngx-fullcalendar@1.0.15~prepublish: unsafe-perm in lifecycle true
12 verbose lifecycle test-ngx-fullcalendar@1.0.15~prepublish: PATH: /home/dev249/.nvm/versions/node/v6.11.3/lib/node_modules/npm/bin/node-gyp-bin:/home/dev249/projects/ngx-fullcalendar-scheduler/node_modules/.bin:/home/dev249/.nvm/versions/node/v6.11.3/bin:/usr/local/sbin:/usr/local/bin:/usr/sbin:/usr/bin:/sbin:/bin:/usr/games:/usr/local/games:/snap/bin:/usr/lib/jvm/java-8-oracle/bin:/usr/lib/jvm/java-8-oracle/db/bin:/usr/lib/jvm/java-8-oracle/jre/bin
13 verbose lifecycle test-ngx-fullcalendar@1.0.15~prepublish: CWD: /home/dev249/projects/ngx-fullcalendar-scheduler
14 silly lifecycle test-ngx-fullcalendar@1.0.15~prepublish: Args: [ '-c', 'node_modules/typescript/bin/tsc' ]
15 info lifecycle test-ngx-fullcalendar@1.0.15~prepublish: Failed to exec prepublish script
16 error addLocal Could not install /home/dev249/projects/ngx-fullcalendar-scheduler
17 verbose stack Error: test-ngx-fullcalendar@1.0.15 prepublish: `node_modules/typescript/bin/tsc`
17 verbose stack spawn ENOENT
17 verbose stack     at ChildProcess.<anonymous> (/home/dev249/.nvm/versions/node/v6.11.3/lib/node_modules/npm/lib/utils/spawn.js:33:16)
17 verbose stack     at emitTwo (events.js:106:13)
17 verbose stack     at ChildProcess.emit (events.js:191:7)
17 verbose stack     at maybeClose (internal/child_process.js:920:16)
17 verbose stack     at Process.ChildProcess._handle.onexit (internal/child_process.js:230:5)
18 verbose pkgid test-ngx-fullcalendar@1.0.15
19 verbose cwd /home/dev249/projects/ngx-fullcalendar-scheduler
20 error Linux 4.4.0-100-generic
21 error argv "/home/dev249/.nvm/versions/node/v6.11.3/bin/node" "/home/dev249/.nvm/versions/node/v6.11.3/bin/npm" "publish"
22 error node v6.11.3
23 error npm  v3.10.10
24 error file sh
25 error code ELIFECYCLE
26 error errno ENOENT
27 error syscall spawn
28 error test-ngx-fullcalendar@1.0.15 prepublish: `node_modules/typescript/bin/tsc`
28 error spawn ENOENT
29 error Failed at the test-ngx-fullcalendar@1.0.15 prepublish script 'node_modules/typescript/bin/tsc'.
29 error Make sure you have the latest version of node.js and npm installed.
29 error If you do, this is most likely a problem with the test-ngx-fullcalendar package,
29 error not with npm itself.
29 error Tell the author that this fails on your system:
29 error     node_modules/typescript/bin/tsc
29 error You can get information on how to open an issue for this project with:
29 error     npm bugs test-ngx-fullcalendar
29 error Or if that isn't available, you can get their info via:
29 error     npm owner ls test-ngx-fullcalendar
29 error There is likely additional logging output above.
30 verbose exit [ 1, true ]
